  Final Project.cpp
C:\Users\Victus\source\repos\Final Project\Final Project\Final Project.cpp(65,34): warning C4305: 'initializing': truncation from 'double' to 'GLfloat'
C:\Users\Victus\source\repos\Final Project\Final Project\Final Project.cpp(122,52): warning C4305: 'initializing': truncation from 'double' to 'GLfloat'
C:\Users\Victus\source\repos\Final Project\Final Project\Final Project.cpp(131,13): warning C4244: 'argument': conversion from 'int' to 'GLfloat', possible loss of data
C:\Users\Victus\source\repos\Final Project\Final Project\Final Project.cpp(132,13): warning C4244: 'argument': conversion from 'int' to 'GLfloat', possible loss of data
C:\Users\Victus\source\repos\Final Project\Final Project\Final Project.cpp(133,13): warning C4244: 'argument': conversion from 'int' to 'GLfloat', possible loss of data
C:\Users\Victus\source\repos\Final Project\Final Project\Final Project.cpp(146,27): warning C4305: 'argument': truncation from 'double' to 'GLfloat'
C:\Users\Victus\source\repos\Final Project\Final Project\Final Project.cpp(149,28): warning C4305: 'argument': truncation from 'double' to 'GLfloat'
C:\Users\Victus\source\repos\Final Project\Final Project\Final Project.cpp(160,28): warning C4305: 'argument': truncation from 'double' to 'GLfloat'
C:\Users\Victus\source\repos\Final Project\Final Project\Final Project.cpp(162,27): warning C4305: 'argument': truncation from 'double' to 'GLfloat'
C:\Users\Victus\source\repos\Final Project\Final Project\Final Project.cpp(169,33): warning C4305: 'argument': truncation from 'double' to 'GLfloat'
C:\Users\Victus\source\repos\Final Project\Final Project\Final Project.cpp(172,30): warning C4305: 'argument': truncation from 'double' to 'GLfloat'
C:\Users\Victus\source\repos\Final Project\Final Project\Final Project.cpp(191,33): warning C4305: 'argument': truncation from 'double' to 'GLfloat'
C:\Users\Victus\source\repos\Final Project\Final Project\Final Project.cpp(192,30): warning C4305: 'argument': truncation from 'double' to 'GLfloat'
C:\Users\Victus\source\repos\Final Project\Final Project\Final Project.cpp(205,34): warning C4305: 'argument': truncation from 'double' to 'GLfloat'
C:\Users\Victus\source\repos\Final Project\Final Project\Final Project.cpp(206,29): warning C4305: 'argument': truncation from 'double' to 'GLfloat'
C:\Users\Victus\source\repos\Final Project\Final Project\Final Project.cpp(218,28): warning C4305: 'argument': truncation from 'double' to 'GLfloat'
C:\Users\Victus\source\repos\Final Project\Final Project\Final Project.cpp(231,48): warning C4305: 'argument': truncation from 'double' to 'GLfloat'
C:\Users\Victus\source\repos\Final Project\Final Project\Final Project.cpp(232,30): warning C4305: 'argument': truncation from 'double' to 'GLfloat'
C:\Users\Victus\source\repos\Final Project\Final Project\Final Project.cpp(233,27): warning C4305: 'argument': truncation from 'double' to 'GLfloat'
C:\Users\Victus\source\repos\Final Project\Final Project\Final Project.cpp(238,29): warning C4305: 'argument': truncation from 'double' to 'GLfloat'
C:\Users\Victus\source\repos\Final Project\Final Project\Final Project.cpp(239,24): warning C4305: 'argument': truncation from 'double' to 'GLfloat'
C:\Users\Victus\source\repos\Final Project\Final Project\Final Project.cpp(244,47): warning C4305: 'argument': truncation from 'double' to 'GLfloat'
C:\Users\Victus\source\repos\Final Project\Final Project\Final Project.cpp(253,32): warning C4305: 'argument': truncation from 'double' to 'GLfloat'
C:\Users\Victus\source\repos\Final Project\Final Project\Final Project.cpp(254,29): warning C4305: 'argument': truncation from 'double' to 'GLfloat'
C:\Users\Victus\source\repos\Final Project\Final Project\Final Project.cpp(255,32): warning C4305: 'argument': truncation from 'double' to 'GLfloat'
C:\Users\Victus\source\repos\Final Project\Final Project\Final Project.cpp(261,33): warning C4305: 'argument': truncation from 'double' to 'GLfloat'
C:\Users\Victus\source\repos\Final Project\Final Project\Final Project.cpp(262,32): warning C4305: 'argument': truncation from 'double' to 'GLfloat'
C:\Users\Victus\source\repos\Final Project\Final Project\Final Project.cpp(263,33): warning C4305: 'argument': truncation from 'double' to 'GLfloat'
C:\Users\Victus\source\repos\Final Project\Final Project\Final Project.cpp(274,28): warning C4305: 'argument': truncation from 'double' to 'GLfloat'
C:\Users\Victus\source\repos\Final Project\Final Project\Final Project.cpp(278,32): warning C4305: 'argument': truncation from 'double' to 'GLfloat'
C:\Users\Victus\source\repos\Final Project\Final Project\Final Project.cpp(292,30): warning C4305: 'argument': truncation from 'double' to 'GLfloat'
C:\Users\Victus\source\repos\Final Project\Final Project\Final Project.cpp(298,29): warning C4305: 'argument': truncation from 'double' to 'GLfloat'
C:\Users\Victus\source\repos\Final Project\Final Project\Final Project.cpp(303,28): warning C4305: 'argument': truncation from 'double' to 'GLfloat'
C:\Users\Victus\source\repos\Final Project\Final Project\Final Project.cpp(312,29): warning C4305: 'argument': truncation from 'double' to 'GLfloat'
C:\Users\Victus\source\repos\Final Project\Final Project\Final Project.cpp(313,27): warning C4305: 'argument': truncation from 'double' to 'GLfloat'
C:\Users\Victus\source\repos\Final Project\Final Project\Final Project.cpp(319,29): warning C4305: 'argument': truncation from 'double' to 'GLfloat'
C:\Users\Victus\source\repos\Final Project\Final Project\Final Project.cpp(320,24): warning C4305: 'argument': truncation from 'double' to 'GLfloat'
C:\Users\Victus\source\repos\Final Project\Final Project\Final Project.cpp(344,31): warning C4305: 'argument': truncation from 'double' to 'GLfloat'
C:\Users\Victus\source\repos\Final Project\Final Project\Final Project.cpp(346,27): warning C4305: 'argument': truncation from 'double' to 'GLfloat'
C:\Users\Victus\source\repos\Final Project\Final Project\Final Project.cpp(347,32): warning C4305: 'argument': truncation from 'double' to 'GLfloat'
C:\Users\Victus\source\repos\Final Project\Final Project\Final Project.cpp(355,31): warning C4305: 'argument': truncation from 'double' to 'GLfloat'
C:\Users\Victus\source\repos\Final Project\Final Project\Final Project.cpp(358,32): warning C4305: 'argument': truncation from 'double' to 'GLfloat'
C:\Users\Victus\source\repos\Final Project\Final Project\Final Project.cpp(367,49): warning C4305: 'initializing': truncation from 'double' to 'GLfloat'
C:\Users\Victus\source\repos\Final Project\Final Project\Final Project.cpp(371,33): warning C4305: 'argument': truncation from 'double' to 'GLfloat'
C:\Users\Victus\source\repos\Final Project\Final Project\Final Project.cpp(372,31): warning C4305: 'argument': truncation from 'double' to 'GLfloat'
C:\Users\Victus\source\repos\Final Project\Final Project\Final Project.cpp(373,32): warning C4305: 'argument': truncation from 'double' to 'GLfloat'
C:\Users\Victus\source\repos\Final Project\Final Project\Final Project.cpp(383,32): warning C4305: 'argument': truncation from 'double' to 'GLfloat'
C:\Users\Victus\source\repos\Final Project\Final Project\Final Project.cpp(392,34): warning C4305: 'argument': truncation from 'double' to 'GLfloat'
C:\Users\Victus\source\repos\Final Project\Final Project\Final Project.cpp(393,31): warning C4305: 'argument': truncation from 'double' to 'GLfloat'
C:\Users\Victus\source\repos\Final Project\Final Project\Final Project.cpp(394,32): warning C4305: 'argument': truncation from 'double' to 'GLfloat'
C:\Users\Victus\source\repos\Final Project\Final Project\Final Project.cpp(402,33): warning C4305: 'argument': truncation from 'double' to 'GLfloat'
C:\Users\Victus\source\repos\Final Project\Final Project\Final Project.cpp(403,31): warning C4305: 'argument': truncation from 'double' to 'GLfloat'
C:\Users\Victus\source\repos\Final Project\Final Project\Final Project.cpp(404,32): warning C4305: 'argument': truncation from 'double' to 'GLfloat'
C:\Users\Victus\source\repos\Final Project\Final Project\Final Project.cpp(412,34): warning C4305: 'argument': truncation from 'double' to 'GLfloat'
C:\Users\Victus\source\repos\Final Project\Final Project\Final Project.cpp(413,31): warning C4305: 'argument': truncation from 'double' to 'GLfloat'
C:\Users\Victus\source\repos\Final Project\Final Project\Final Project.cpp(414,32): warning C4305: 'argument': truncation from 'double' to 'GLfloat'
C:\Users\Victus\source\repos\Final Project\Final Project\Final Project.cpp(426,30): warning C4305: 'argument': truncation from 'double' to 'GLfloat'
C:\Users\Victus\source\repos\Final Project\Final Project\Final Project.cpp(432,29): warning C4305: 'argument': truncation from 'double' to 'GLfloat'
C:\Users\Victus\source\repos\Final Project\Final Project\Final Project.cpp(438,28): warning C4305: 'argument': truncation from 'double' to 'GLfloat'
C:\Users\Victus\source\repos\Final Project\Final Project\Final Project.cpp(443,28): warning C4305: 'argument': truncation from 'double' to 'GLfloat'
C:\Users\Victus\source\repos\Final Project\Final Project\Final Project.cpp(444,26): warning C4305: 'argument': truncation from 'double' to 'GLfloat'
C:\Users\Victus\source\repos\Final Project\Final Project\Final Project.cpp(446,27): warning C4305: 'argument': truncation from 'double' to 'GLfloat'
C:\Users\Victus\source\repos\Final Project\Final Project\Final Project.cpp(455,30): warning C4305: 'argument': truncation from 'double' to 'GLfloat'
C:\Users\Victus\source\repos\Final Project\Final Project\Final Project.cpp(456,26): warning C4305: 'argument': truncation from 'double' to 'GLfloat'
C:\Users\Victus\source\repos\Final Project\Final Project\Final Project.cpp(471,29): warning C4305: 'argument': truncation from 'double' to 'GLfloat'
C:\Users\Victus\source\repos\Final Project\Final Project\Final Project.cpp(477,28): warning C4305: 'argument': truncation from 'double' to 'GLfloat'
C:\Users\Victus\source\repos\Final Project\Final Project\Final Project.cpp(483,27): warning C4305: 'argument': truncation from 'double' to 'GLfloat'
C:\Users\Victus\source\repos\Final Project\Final Project\Final Project.cpp(492,29): warning C4305: 'argument': truncation from 'double' to 'GLfloat'
C:\Users\Victus\source\repos\Final Project\Final Project\Final Project.cpp(493,26): warning C4305: 'argument': truncation from 'double' to 'GLfloat'
C:\Users\Victus\source\repos\Final Project\Final Project\Final Project.cpp(506,29): warning C4305: 'argument': truncation from 'double' to 'GLfloat'
C:\Users\Victus\source\repos\Final Project\Final Project\Final Project.cpp(512,28): warning C4305: 'argument': truncation from 'double' to 'GLfloat'
C:\Users\Victus\source\repos\Final Project\Final Project\Final Project.cpp(518,27): warning C4305: 'argument': truncation from 'double' to 'GLfloat'
C:\Users\Victus\source\repos\Final Project\Final Project\Final Project.cpp(804,39): warning C4305: 'initializing': truncation from 'double' to 'GLfloat'
C:\Users\Victus\source\repos\Final Project\Final Project\Final Project.cpp(1054,43): warning C4305: '+=': truncation from 'double' to 'GLfloat'
C:\Users\Victus\source\repos\Final Project\Final Project\Final Project.cpp(1060,43): warning C4305: '-=': truncation from 'double' to 'GLfloat'
  Final Project.vcxproj -> C:\Users\Victus\source\repos\Final Project\Debug\Final Project.exe
