  imageloader.cpp
c1xx : fatal  error C1083: Cannot open source file: '..\..\..\..\Desktop\imageloader.cpp': No such file or directory
  Final Project.cpp
C:\Users\test\Desktop\SECV  THINGS\FCG\FinalFCG\Final Project\Final Project\Final Project.cpp(91,34): warning C4305: 'initializing': truncation from 'double' to 'GLfloat'
C:\Users\test\Desktop\SECV  THINGS\FCG\FinalFCG\Final Project\Final Project\Final Project.cpp(189,52): warning C4305: 'initializing': truncation from 'double' to 'GLfloat'
C:\Users\test\Desktop\SECV  THINGS\FCG\FinalFCG\Final Project\Final Project\Final Project.cpp(198,13): warning C4244: 'argument': conversion from 'int' to 'GLfloat', possible loss of data
C:\Users\test\Desktop\SECV  THINGS\FCG\FinalFCG\Final Project\Final Project\Final Project.cpp(199,13): warning C4244: 'argument': conversion from 'int' to 'GLfloat', possible loss of data
C:\Users\test\Desktop\SECV  THINGS\FCG\FinalFCG\Final Project\Final Project\Final Project.cpp(200,13): warning C4244: 'argument': conversion from 'int' to 'GLfloat', possible loss of data
C:\Users\test\Desktop\SECV  THINGS\FCG\FinalFCG\Final Project\Final Project\Final Project.cpp(209,26): warning C4305: 'argument': truncation from 'double' to 'GLfloat'
C:\Users\test\Desktop\SECV  THINGS\FCG\FinalFCG\Final Project\Final Project\Final Project.cpp(221,26): warning C4305: 'argument': truncation from 'double' to 'GLfloat'
C:\Users\test\Desktop\SECV  THINGS\FCG\FinalFCG\Final Project\Final Project\Final Project.cpp(233,26): warning C4305: 'argument': truncation from 'double' to 'GLfloat'
C:\Users\test\Desktop\SECV  THINGS\FCG\FinalFCG\Final Project\Final Project\Final Project.cpp(245,26): warning C4305: 'argument': truncation from 'double' to 'GLfloat'
C:\Users\test\Desktop\SECV  THINGS\FCG\FinalFCG\Final Project\Final Project\Final Project.cpp(257,26): warning C4305: 'argument': truncation from 'double' to 'GLfloat'
C:\Users\test\Desktop\SECV  THINGS\FCG\FinalFCG\Final Project\Final Project\Final Project.cpp(269,26): warning C4305: 'argument': truncation from 'double' to 'GLfloat'
C:\Users\test\Desktop\SECV  THINGS\FCG\FinalFCG\Final Project\Final Project\Final Project.cpp(281,26): warning C4305: 'argument': truncation from 'double' to 'GLfloat'
C:\Users\test\Desktop\SECV  THINGS\FCG\FinalFCG\Final Project\Final Project\Final Project.cpp(293,26): warning C4305: 'argument': truncation from 'double' to 'GLfloat'
C:\Users\test\Desktop\SECV  THINGS\FCG\FinalFCG\Final Project\Final Project\Final Project.cpp(332,27): warning C4305: 'argument': truncation from 'double' to 'GLfloat'
C:\Users\test\Desktop\SECV  THINGS\FCG\FinalFCG\Final Project\Final Project\Final Project.cpp(335,28): warning C4305: 'argument': truncation from 'double' to 'GLfloat'
C:\Users\test\Desktop\SECV  THINGS\FCG\FinalFCG\Final Project\Final Project\Final Project.cpp(344,28): warning C4305: 'argument': truncation from 'double' to 'GLfloat'
C:\Users\test\Desktop\SECV  THINGS\FCG\FinalFCG\Final Project\Final Project\Final Project.cpp(346,27): warning C4305: 'argument': truncation from 'double' to 'GLfloat'
C:\Users\test\Desktop\SECV  THINGS\FCG\FinalFCG\Final Project\Final Project\Final Project.cpp(353,33): warning C4305: 'argument': truncation from 'double' to 'GLfloat'
C:\Users\test\Desktop\SECV  THINGS\FCG\FinalFCG\Final Project\Final Project\Final Project.cpp(356,30): warning C4305: 'argument': truncation from 'double' to 'GLfloat'
C:\Users\test\Desktop\SECV  THINGS\FCG\FinalFCG\Final Project\Final Project\Final Project.cpp(375,33): warning C4305: 'argument': truncation from 'double' to 'GLfloat'
C:\Users\test\Desktop\SECV  THINGS\FCG\FinalFCG\Final Project\Final Project\Final Project.cpp(376,30): warning C4305: 'argument': truncation from 'double' to 'GLfloat'
C:\Users\test\Desktop\SECV  THINGS\FCG\FinalFCG\Final Project\Final Project\Final Project.cpp(389,34): warning C4305: 'argument': truncation from 'double' to 'GLfloat'
C:\Users\test\Desktop\SECV  THINGS\FCG\FinalFCG\Final Project\Final Project\Final Project.cpp(390,29): warning C4305: 'argument': truncation from 'double' to 'GLfloat'
C:\Users\test\Desktop\SECV  THINGS\FCG\FinalFCG\Final Project\Final Project\Final Project.cpp(402,28): warning C4305: 'argument': truncation from 'double' to 'GLfloat'
C:\Users\test\Desktop\SECV  THINGS\FCG\FinalFCG\Final Project\Final Project\Final Project.cpp(415,48): warning C4305: 'argument': truncation from 'double' to 'GLfloat'
C:\Users\test\Desktop\SECV  THINGS\FCG\FinalFCG\Final Project\Final Project\Final Project.cpp(416,30): warning C4305: 'argument': truncation from 'double' to 'GLfloat'
C:\Users\test\Desktop\SECV  THINGS\FCG\FinalFCG\Final Project\Final Project\Final Project.cpp(417,27): warning C4305: 'argument': truncation from 'double' to 'GLfloat'
C:\Users\test\Desktop\SECV  THINGS\FCG\FinalFCG\Final Project\Final Project\Final Project.cpp(422,29): warning C4305: 'argument': truncation from 'double' to 'GLfloat'
C:\Users\test\Desktop\SECV  THINGS\FCG\FinalFCG\Final Project\Final Project\Final Project.cpp(423,24): warning C4305: 'argument': truncation from 'double' to 'GLfloat'
C:\Users\test\Desktop\SECV  THINGS\FCG\FinalFCG\Final Project\Final Project\Final Project.cpp(428,47): warning C4305: 'argument': truncation from 'double' to 'GLfloat'
C:\Users\test\Desktop\SECV  THINGS\FCG\FinalFCG\Final Project\Final Project\Final Project.cpp(437,32): warning C4305: 'argument': truncation from 'double' to 'GLfloat'
C:\Users\test\Desktop\SECV  THINGS\FCG\FinalFCG\Final Project\Final Project\Final Project.cpp(438,29): warning C4305: 'argument': truncation from 'double' to 'GLfloat'
C:\Users\test\Desktop\SECV  THINGS\FCG\FinalFCG\Final Project\Final Project\Final Project.cpp(439,32): warning C4305: 'argument': truncation from 'double' to 'GLfloat'
C:\Users\test\Desktop\SECV  THINGS\FCG\FinalFCG\Final Project\Final Project\Final Project.cpp(445,33): warning C4305: 'argument': truncation from 'double' to 'GLfloat'
C:\Users\test\Desktop\SECV  THINGS\FCG\FinalFCG\Final Project\Final Project\Final Project.cpp(446,32): warning C4305: 'argument': truncation from 'double' to 'GLfloat'
C:\Users\test\Desktop\SECV  THINGS\FCG\FinalFCG\Final Project\Final Project\Final Project.cpp(447,33): warning C4305: 'argument': truncation from 'double' to 'GLfloat'
C:\Users\test\Desktop\SECV  THINGS\FCG\FinalFCG\Final Project\Final Project\Final Project.cpp(458,28): warning C4305: 'argument': truncation from 'double' to 'GLfloat'
C:\Users\test\Desktop\SECV  THINGS\FCG\FinalFCG\Final Project\Final Project\Final Project.cpp(462,32): warning C4305: 'argument': truncation from 'double' to 'GLfloat'
C:\Users\test\Desktop\SECV  THINGS\FCG\FinalFCG\Final Project\Final Project\Final Project.cpp(476,30): warning C4305: 'argument': truncation from 'double' to 'GLfloat'
C:\Users\test\Desktop\SECV  THINGS\FCG\FinalFCG\Final Project\Final Project\Final Project.cpp(482,29): warning C4305: 'argument': truncation from 'double' to 'GLfloat'
C:\Users\test\Desktop\SECV  THINGS\FCG\FinalFCG\Final Project\Final Project\Final Project.cpp(487,28): warning C4305: 'argument': truncation from 'double' to 'GLfloat'
C:\Users\test\Desktop\SECV  THINGS\FCG\FinalFCG\Final Project\Final Project\Final Project.cpp(496,29): warning C4305: 'argument': truncation from 'double' to 'GLfloat'
C:\Users\test\Desktop\SECV  THINGS\FCG\FinalFCG\Final Project\Final Project\Final Project.cpp(497,27): warning C4305: 'argument': truncation from 'double' to 'GLfloat'
C:\Users\test\Desktop\SECV  THINGS\FCG\FinalFCG\Final Project\Final Project\Final Project.cpp(503,29): warning C4305: 'argument': truncation from 'double' to 'GLfloat'
C:\Users\test\Desktop\SECV  THINGS\FCG\FinalFCG\Final Project\Final Project\Final Project.cpp(504,24): warning C4305: 'argument': truncation from 'double' to 'GLfloat'
C:\Users\test\Desktop\SECV  THINGS\FCG\FinalFCG\Final Project\Final Project\Final Project.cpp(528,31): warning C4305: 'argument': truncation from 'double' to 'GLfloat'
C:\Users\test\Desktop\SECV  THINGS\FCG\FinalFCG\Final Project\Final Project\Final Project.cpp(530,27): warning C4305: 'argument': truncation from 'double' to 'GLfloat'
C:\Users\test\Desktop\SECV  THINGS\FCG\FinalFCG\Final Project\Final Project\Final Project.cpp(531,32): warning C4305: 'argument': truncation from 'double' to 'GLfloat'
C:\Users\test\Desktop\SECV  THINGS\FCG\FinalFCG\Final Project\Final Project\Final Project.cpp(539,31): warning C4305: 'argument': truncation from 'double' to 'GLfloat'
C:\Users\test\Desktop\SECV  THINGS\FCG\FinalFCG\Final Project\Final Project\Final Project.cpp(542,32): warning C4305: 'argument': truncation from 'double' to 'GLfloat'
C:\Users\test\Desktop\SECV  THINGS\FCG\FinalFCG\Final Project\Final Project\Final Project.cpp(551,49): warning C4305: 'initializing': truncation from 'double' to 'GLfloat'
C:\Users\test\Desktop\SECV  THINGS\FCG\FinalFCG\Final Project\Final Project\Final Project.cpp(555,33): warning C4305: 'argument': truncation from 'double' to 'GLfloat'
C:\Users\test\Desktop\SECV  THINGS\FCG\FinalFCG\Final Project\Final Project\Final Project.cpp(556,31): warning C4305: 'argument': truncation from 'double' to 'GLfloat'
C:\Users\test\Desktop\SECV  THINGS\FCG\FinalFCG\Final Project\Final Project\Final Project.cpp(557,32): warning C4305: 'argument': truncation from 'double' to 'GLfloat'
C:\Users\test\Desktop\SECV  THINGS\FCG\FinalFCG\Final Project\Final Project\Final Project.cpp(567,32): warning C4305: 'argument': truncation from 'double' to 'GLfloat'
C:\Users\test\Desktop\SECV  THINGS\FCG\FinalFCG\Final Project\Final Project\Final Project.cpp(576,34): warning C4305: 'argument': truncation from 'double' to 'GLfloat'
C:\Users\test\Desktop\SECV  THINGS\FCG\FinalFCG\Final Project\Final Project\Final Project.cpp(577,31): warning C4305: 'argument': truncation from 'double' to 'GLfloat'
C:\Users\test\Desktop\SECV  THINGS\FCG\FinalFCG\Final Project\Final Project\Final Project.cpp(578,32): warning C4305: 'argument': truncation from 'double' to 'GLfloat'
C:\Users\test\Desktop\SECV  THINGS\FCG\FinalFCG\Final Project\Final Project\Final Project.cpp(586,33): warning C4305: 'argument': truncation from 'double' to 'GLfloat'
C:\Users\test\Desktop\SECV  THINGS\FCG\FinalFCG\Final Project\Final Project\Final Project.cpp(587,31): warning C4305: 'argument': truncation from 'double' to 'GLfloat'
C:\Users\test\Desktop\SECV  THINGS\FCG\FinalFCG\Final Project\Final Project\Final Project.cpp(588,32): warning C4305: 'argument': truncation from 'double' to 'GLfloat'
C:\Users\test\Desktop\SECV  THINGS\FCG\FinalFCG\Final Project\Final Project\Final Project.cpp(596,34): warning C4305: 'argument': truncation from 'double' to 'GLfloat'
C:\Users\test\Desktop\SECV  THINGS\FCG\FinalFCG\Final Project\Final Project\Final Project.cpp(597,31): warning C4305: 'argument': truncation from 'double' to 'GLfloat'
C:\Users\test\Desktop\SECV  THINGS\FCG\FinalFCG\Final Project\Final Project\Final Project.cpp(598,32): warning C4305: 'argument': truncation from 'double' to 'GLfloat'
C:\Users\test\Desktop\SECV  THINGS\FCG\FinalFCG\Final Project\Final Project\Final Project.cpp(610,30): warning C4305: 'argument': truncation from 'double' to 'GLfloat'
C:\Users\test\Desktop\SECV  THINGS\FCG\FinalFCG\Final Project\Final Project\Final Project.cpp(616,29): warning C4305: 'argument': truncation from 'double' to 'GLfloat'
C:\Users\test\Desktop\SECV  THINGS\FCG\FinalFCG\Final Project\Final Project\Final Project.cpp(622,28): warning C4305: 'argument': truncation from 'double' to 'GLfloat'
C:\Users\test\Desktop\SECV  THINGS\FCG\FinalFCG\Final Project\Final Project\Final Project.cpp(627,28): warning C4305: 'argument': truncation from 'double' to 'GLfloat'
C:\Users\test\Desktop\SECV  THINGS\FCG\FinalFCG\Final Project\Final Project\Final Project.cpp(628,26): warning C4305: 'argument': truncation from 'double' to 'GLfloat'
C:\Users\test\Desktop\SECV  THINGS\FCG\FinalFCG\Final Project\Final Project\Final Project.cpp(630,27): warning C4305: 'argument': truncation from 'double' to 'GLfloat'
C:\Users\test\Desktop\SECV  THINGS\FCG\FinalFCG\Final Project\Final Project\Final Project.cpp(639,30): warning C4305: 'argument': truncation from 'double' to 'GLfloat'
C:\Users\test\Desktop\SECV  THINGS\FCG\FinalFCG\Final Project\Final Project\Final Project.cpp(640,26): warning C4305: 'argument': truncation from 'double' to 'GLfloat'
C:\Users\test\Desktop\SECV  THINGS\FCG\FinalFCG\Final Project\Final Project\Final Project.cpp(655,29): warning C4305: 'argument': truncation from 'double' to 'GLfloat'
C:\Users\test\Desktop\SECV  THINGS\FCG\FinalFCG\Final Project\Final Project\Final Project.cpp(661,28): warning C4305: 'argument': truncation from 'double' to 'GLfloat'
C:\Users\test\Desktop\SECV  THINGS\FCG\FinalFCG\Final Project\Final Project\Final Project.cpp(667,27): warning C4305: 'argument': truncation from 'double' to 'GLfloat'
C:\Users\test\Desktop\SECV  THINGS\FCG\FinalFCG\Final Project\Final Project\Final Project.cpp(676,29): warning C4305: 'argument': truncation from 'double' to 'GLfloat'
C:\Users\test\Desktop\SECV  THINGS\FCG\FinalFCG\Final Project\Final Project\Final Project.cpp(677,26): warning C4305: 'argument': truncation from 'double' to 'GLfloat'
C:\Users\test\Desktop\SECV  THINGS\FCG\FinalFCG\Final Project\Final Project\Final Project.cpp(690,29): warning C4305: 'argument': truncation from 'double' to 'GLfloat'
C:\Users\test\Desktop\SECV  THINGS\FCG\FinalFCG\Final Project\Final Project\Final Project.cpp(696,28): warning C4305: 'argument': truncation from 'double' to 'GLfloat'
C:\Users\test\Desktop\SECV  THINGS\FCG\FinalFCG\Final Project\Final Project\Final Project.cpp(702,27): warning C4305: 'argument': truncation from 'double' to 'GLfloat'
C:\Users\test\Desktop\SECV  THINGS\FCG\FinalFCG\Final Project\Final Project\Final Project.cpp(809,39): warning C4305: 'initializing': truncation from 'double' to 'GLfloat'
C:\Users\test\Desktop\SECV  THINGS\FCG\FinalFCG\Final Project\Final Project\Final Project.cpp(1059,43): warning C4305: '+=': truncation from 'double' to 'GLfloat'
C:\Users\test\Desktop\SECV  THINGS\FCG\FinalFCG\Final Project\Final Project\Final Project.cpp(1065,43): warning C4305: '-=': truncation from 'double' to 'GLfloat'
  Generating Code...
